d:\projects\c++\halal\advalg-stud\optimization\debug\optimization.pch
d:\projects\c++\halal\advalg-stud\optimization\debug\vc140.pdb
d:\projects\c++\halal\advalg-stud\optimization\debug\vc140.idb
d:\projects\c++\halal\advalg-stud\optimization\debug\stdafx.obj
d:\projects\c++\halal\advalg-stud\optimization\debug\stdafx.asm
d:\projects\c++\halal\advalg-stud\optimization\debug\pathfinding.obj
d:\projects\c++\halal\advalg-stud\optimization\debug\smallestboundarypolygon.obj
d:\projects\c++\halal\advalg-stud\optimization\debug\smallestboundarypolygonsolver.obj
d:\projects\c++\halal\advalg-stud\optimization\debug\travellingsalesman.obj
d:\projects\c++\halal\advalg-stud\optimization\debug\bencelog.obj
d:\projects\c++\halal\advalg-stud\optimization\debug\bencelog.asm
d:\projects\c++\halal\advalg-stud\optimization\debug\pathfinding.asm
d:\projects\c++\halal\advalg-stud\optimization\debug\smallestboundarypolygon.asm
d:\projects\c++\halal\advalg-stud\optimization\debug\smallestboundarypolygonsolver.asm
d:\projects\c++\halal\advalg-stud\optimization\debug\main.obj
d:\projects\c++\halal\advalg-stud\optimization\debug\main.asm
d:\projects\c++\halal\advalg-stud\optimization\debug\travellingsalesman.asm
d:\projects\c++\halal\advalg-stud\bin\debug\optimization.ilk
d:\projects\c++\halal\advalg-stud\bin\debug\optimization.exe
d:\projects\c++\halal\advalg-stud\bin\debug\optimization.pdb
d:\projects\c++\halal\advalg-stud\\bin\debug\optimization.pdb
d:\projects\c++\halal\advalg-stud\\bin\debug\optimization.exe
d:\projects\c++\halal\advalg-stud\\bin\debug\optimization.ilk
d:\projects\c++\halal\advalg-stud\optimization\debug\optimization.tlog\cl.command.1.tlog
d:\projects\c++\halal\advalg-stud\optimization\debug\optimization.tlog\cl.read.1.tlog
d:\projects\c++\halal\advalg-stud\optimization\debug\optimization.tlog\cl.write.1.tlog
d:\projects\c++\halal\advalg-stud\optimization\debug\optimization.tlog\link.command.1.tlog
d:\projects\c++\halal\advalg-stud\optimization\debug\optimization.tlog\link.read.1.tlog
d:\projects\c++\halal\advalg-stud\optimization\debug\optimization.tlog\link.write.1.tlog
